
> app@1.0.0 export:web
> expo export --platform web && node scripts/postexport.js

Starting Metro Bundler
Web ./index.ts ▓▓▓▓▓▓░░░░░░░░░░ 40.8% (46/72)
Web ./index.ts ▓▓▓▓▓▓░░░░░░░░░░ 42.7% (173/416)
Web ./index.ts ▓▓▓▓▓▓░░░░░░░░░░ 42.7% (313/502)
Web ./index.ts ▓▓▓▓▓▓░░░░░░░░░░ 42.7% (429/753)
Web ./index.ts ▓▓▓▓▓▓▓▓░░░░░░░░ 54.0% (593/807)
Web ./index.ts ▓▓▓▓▓▓▓▓▓░░░░░░░ 57.5% ( 771/1058)
Web ./index.ts ▓▓▓▓▓▓▓▓▓▓▓░░░░░ 70.3% ( 956/1140)
Web ./index.ts ▓▓▓▓▓▓▓▓▓▓▓▓▓░░░ 82.5% (1127/1255)
Web ./index.ts ▓▓▓▓▓▓▓▓▓▓▓▓▓▓░░ 87.7% (1210/1399)
Web ./index.ts ▓▓▓▓▓▓▓▓▓▓▓▓▓▓░░ 91.4% (1371/1434)
Web Bundled 36766ms index.ts (1536 modules)

› Assets (55):
assets/animations/marcie-intro.f6c59ed996c766abf0d8f891ddee6af8.webm (2.95 MB)
assets/fonts/barbie.22ab7b3f332228ebfaa2656f49b1a354.ttf (25.8 kB)
assets/fonts/cheese.7dd1196f2c652b4a1852b94901ea0d4a.ttf (26.8 kB)
assets/fonts/cute.cca6c074837deac6966ec61d410a8c15.ttf (26.3 kB)
assets/fonts/holiday.37ccd443a630e17f4001a48e389509f4.ttf (21.2 kB)
assets/fonts/nietha.e132774900adcabe4bc592dc4062bb7d.ttf (199 kB)
assets/fonts/pink.8fd927dfa2455d4076583b8f34beb30a.ttf (21.1 kB)
assets/fonts/smile.89acc9ec8854a868a3a4584a7c50cd30.ttf (41.8 kB)
assets/fonts/sweet.86a7c2a32e41fc9224919e32f269d7fb.ttf (158 kB)
assets/fonts/wonderful.2b33184faf2ae0a4d034e4a83c577cf9.ttf (119 kB)
assets/logo/logo1.74b4c4475cf213ca80f2deec189f5fba.png (143 kB)
assets/logo/logo10.c54565ddde0fb6af8f7a739865f80eb1.png (103 kB)
assets/logo/logo11.1ca7bc12da0b76358d1c4149ea989163.png (107 kB)
assets/logo/logo12.9e831b4d3585450d07b4f6400820738e.png (178 kB)
assets/logo/logo13.705359418e9ad43c03a4d6259e1ae57c.png (159 kB)
assets/logo/logo2.14b4c6aff8c460e61f6046515aaf5213.png (143 kB)
assets/logo/logo3.5ecc2134779ed53f94caa77f019116bc.png (99.8 kB)
assets/logo/logo4.f674dca1da4516488e6eeda3ac7ba1c0.png (85.3 kB)
assets/logo/logo5.14ece80d9cb31db2ac313c5b128a9b7f.png (80.5 kB)
assets/logo/logo7.484c1782356444cca015dad291c4b1d8.png (141 kB)
assets/logo/logo8.b5c94b9535ad52f7f98c52f3c9a7f1b8.png (144 kB)
assets/logo/logo9.2ffb6c04791863946a31ffdf1b671d84.png (100 kB)
assets/logo/mainlogo.bffcc857f5d3dbe700b60ecae9fbc592.png (138 kB)
assets/logo/mainlogoone.3d465e739755413de04023520a2f5fa4.png (142 kB)
assets/marcieimages/marcieimage1.a7205ece326a8d537f571947acc1cdd4.png (1.97 MB)
assets/marcieimages/marcieimage10.1a37bdbaf482e204e8c64e456ca4b3c1.png (1.73 MB)
assets/marcieimages/marcieimage11.5468415f2d8820d3a3ce2b0e098daebc.png (1.79 MB)
assets/marcieimages/marcieimage12.26fd18ad67e268cf073b28d59ef31338.png (1.57 MB)
assets/marcieimages/marcieimage13.82db9e256c8db9f2c6c96fc1cddc69a4.png (886 kB)
assets/marcieimages/marcieimage14.a34a9f4ecde3a64fd0cec3e50bf289dc.png (1.56 MB)
assets/marcieimages/marcieimage15.f98ff0f63f0925644abe4833750cc040.png (1.77 MB)
assets/marcieimages/marcieimage16.95f92dadee4a85514a7093cd3b030638.png (1.72 MB)
assets/marcieimages/marcieimage17.da606f2475604e62f8b04f08a231b6dd.png (1.87 MB)
assets/marcieimages/marcieimage18.f9aebb685aceb8ae58bb5d44da540cd5.png (1.65 MB)
assets/marcieimages/marcieimage19.b2284537240bfdfc49c0af70fdd8b45a.png (1.53 MB)
assets/marcieimages/marcieimage2.cb50de8854319b8a6f765f6f8cd341ed.png (1.48 MB)
assets/marcieimages/marcieimage20.80fac93b2f015bccd2772adef0ae7aeb.png (1.02 MB)
assets/marcieimages/marcieimage3.ae2ea8bddc93a8a3082cc7068a543826.png (2.1 MB)
assets/marcieimages/marcieimage4.45f3b257da9732d25b8da71a5eb6b83a.png (1.88 MB)
assets/marcieimages/marcieimage5.fb046ec7b17b4f3160f7dafba725cda6.png (1.37 MB)
assets/marcieimages/marcieimage6.1d3b5d81704686bb32c7b13b14dd5215.png (1.81 MB)
assets/marcieimages/marcieimage7.479fb055807bb827e9d2dab457123bad.png (1.7 MB)
assets/marcieimages/marcieimage8.099a7690bf28f4002e307821db8b93a7.png (1.66 MB)
assets/marcieimages/marcieimage9.767da173f69d0a8f0d26389701db5256.png (2.29 MB)
node_modules/@react-navigation/elements/lib/module/assets/back-icon-mask.0a328cd9c1afd0afe8e3b1ec5165b1b4.png (653 B)
node_modules/@react-navigation/elements/lib/module/assets/back-icon.35ba0eaec5a4f5ed12ca16fabeae451d.png (207 B)
node_modules/@react-navigation/elements/lib/module/assets/clear-icon.c94f6478e7ae0cdd9f15de1fcb9e5e55.png (4 variations | 425 B)
node_modules/@react-navigation/elements/lib/module/assets/close-icon.808e1b1b9b53114ec2838071a7e6daa7.png (4 variations | 235 B)
node_modules/@react-navigation/elements/lib/module/assets/search-icon.286d67d3f74808a60a78d3ebf1a5fb57.png (928 B)

› web bundles (52):
_expo/static/js/web/__common-582de8e738c16ebd610906d3762a1877.js (274 kB)
_expo/static/js/web/__expo-metro-runtime-0c48b0beee2d3ce6030b475fcc5b1846.js (3.8 kB)
_expo/static/js/web/ApologyAuction-6a6979d6a37090290d9e8daef151009f.js (3.38 kB)
_expo/static/js/web/AvoidanceArcade-88c4774045bd3a80200015cacb6db484.js (3.01 kB)
_expo/static/js/web/BlameFlip-a1c53b6dfe017881b38de20f1dab808e.js (2.4 kB)
_expo/static/js/web/BoothsScreen-62ff11cc2686489c868f1e7776f5246f.js (11.1 kB)
_expo/static/js/web/BoundaryBingo-66743ece11e2d5a545d9504129cb8070.js (2.64 kB)
_expo/static/js/web/ChallengeScreen-4265255e7d4ca6bd4bc71af7245c3a96.js (6.39 kB)
_expo/static/js/web/CoolDownRoom-c06b31ad2e2a9a18bba57cc3dff27e7f.js (2.64 kB)
_expo/static/js/web/CoupleCodeScreen-51efedb6587e33991abed6f8b4569324.js (11.3 kB)
_expo/static/js/web/DashboardHome-a7008c05bf8325d3981911b2cfb0f517.js (7.72 kB)
_expo/static/js/web/DefensivenessDetox-cfc3c5fdbe606e7f2ba7d71cfa723aaa.js (3.07 kB)
_expo/static/js/web/DenialDetector-edd9dba39efd08ac8e6a7197064d8124.js (2.7 kB)
_expo/static/js/web/EscapismRoom-bdb94e09f90348c3fe131fb7de2b177e.js (2.96 kB)
_expo/static/js/web/EyeContactChallenge-806e518b139554f46173a0ddbd9f4172.js (2.14 kB)
_expo/static/js/web/FlashbackFrenzy-6f943f362bf5254e7d5b1dbb0dd7249a.js (3.32 kB)
_expo/static/js/web/GameLibraryScreen-d73145e83864d08cfcd54e8e1722fb7a.js (14.1 kB)
_expo/static/js/web/GratitudeCloud-5be987f68807002956216189738a6071.js (3.79 kB)
_expo/static/js/web/GuiltShameSort-823fe063d4e79cd9c2c7c97857713a7a.js (3.24 kB)
_expo/static/js/web/index-32a7bd22137aa9328ae347ccd68e331e.js (3.08 MB)
_expo/static/js/web/LegalDisclaimerScreen-271d5084fc1c34ab41e892ba8ad1af7f.js (1.4 kB)
_expo/static/js/web/LieDetector-a90a4205360adb99cc877b1b59a19902.js (4.63 kB)
_expo/static/js/web/MemoryLaneMap-c7dd83a052708079d733a5f5c3b05935.js (3.38 kB)
_expo/static/js/web/MicroBetrayalGolf-f58aa23791b8203670172d921f5c66b5.js (3.12 kB)
_expo/static/js/web/NeedsDecoder-940efee2b10b56ddc9a5825e58022987.js (3.11 kB)
_expo/static/js/web/OriginStoryScreen-f6f13f1797b6e81bdf2a6502f1613d57.js (4.31 kB)
_expo/static/js/web/PartnerDashboard-36982fb01be2217303111b7082777480.js (2.72 kB)
_expo/static/js/web/PartnerEntryScreen-0eaaf5968049b714c3db27919b1cf050.js (2.11 kB)
_expo/static/js/web/PartnerTranslator-042a4a80dcd6227653279d668a6960c6.js (6.39 kB)
_expo/static/js/web/PasswordResetScreen-7becf7acbd9cf0050f9938df620f4670.js (1.88 kB)
_expo/static/js/web/ProfileScreen-7b87fbf54b4dbd64a4f840cf11b2f443.js (3.52 kB)
_expo/static/js/web/ResultsRoastScreen-91bfcd7803bc5fe62e7cea72f6642c29.js (1.55 kB)
_expo/static/js/web/RewriteMemory-2ba9a91202aa6bd98e7f34221ad07adc.js (3.05 kB)
_expo/static/js/web/RoleSwapRoast-74ee37a01e16327506efb01c98cf1f98.js (3.36 kB)
_expo/static/js/web/SecrecyAudit-bcf1dc7be9b9b3a57cd330395c1dbe32.js (3.31 kB)
_expo/static/js/web/SettingsScreen-d140429ef044e8d54c1c120c62461833.js (13.3 kB)
_expo/static/js/web/SignInScreen-52fdfae533f32038cb6506e72586d94b.js (3.27 kB)
_expo/static/js/web/SlapOfTruth-a42db96b1f7b11cc4c6470f8741fb4cb.js (3.71 kB)
_expo/static/js/web/SplashScreen-6c7ffae215ff1adeac73857a3c633b22.js (6.62 kB)
_expo/static/js/web/StressTest-010874270e713ff1b7540fec90a7ca94.js (3.56 kB)
_expo/static/js/web/SupportScreen-676562d8935f4cd628017be4a6df8b9b.js (1.19 kB)
_expo/static/js/web/TheIceberg-a972d695dbee6e4be5aa61839783c11e.js (3.26 kB)
_expo/static/js/web/TouchMap-2b69df507733f9583f5efdfd621912d3.js (2.6 kB)
_expo/static/js/web/TransparencyToss-1d3cdcf5c2849adec9133e69ec3a3b5a.js (2.82 kB)
_expo/static/js/web/TriggerTriage-a4c4045d51796812e02b0dde03dcd54a.js (2.91 kB)
_expo/static/js/web/TrustBank-498713438d74f33917c10f055cdbdf16.js (3.37 kB)
_expo/static/js/web/TruthOrTrust-a4880e072db10f10f48e892d533793c5.js (3.75 kB)
_expo/static/js/web/VerdictScreen-dd8b3428d3d8a278649419647c46c44d.js (2.6 kB)
_expo/static/js/web/VibeSync-b0602ffcf40bbf1212227580d7376e3f.js (2.84 kB)
_expo/static/js/web/VulnerabilityVolley-7f179f5efa08c01184c65b75088ba6e9.js (3.21 kB)
_expo/static/js/web/WhosRight-49d72e42f50ce4b86311e351e352a9f4.js (3.17 kB)
_expo/static/js/web/WindowsAndWalls-7ee77891d0a9b9d428f3f1d3e62e33e9.js (4.25 kB)

› Files (3):
favicon.ico (14.5 kB)
index.html (1.41 kB)
metadata.json (49 B)

Exported: dist
Post-export script completed: index.html patched, 404.html created, vercel.json created.
